[debug] [2024-09-14T17:43:31.783Z] ----------------------------------------------------------------------
[debug] [2024-09-14T17:43:31.786Z] Command:       C:\Program Files\nodejs\node.exe C:\Users\Admin\AppData\Roaming\npm\node_modules\firebase-tools\lib\bin\firebase.js init
[debug] [2024-09-14T17:43:31.787Z] CLI Version:   13.17.0
[debug] [2024-09-14T17:43:31.787Z] Platform:      win32
[debug] [2024-09-14T17:43:31.787Z] Node Version:  v20.17.0
[debug] [2024-09-14T17:43:31.787Z] Time:          Sat Sep 14 2024 23:13:31 GMT+0530 (India Standard Time)
[debug] [2024-09-14T17:43:31.787Z] ----------------------------------------------------------------------
[debug] 
[debug] [2024-09-14T17:43:31.854Z] > command requires scopes: ["email","openid","https://www.googleapis.com/auth/cloudplatformprojects.readonly","https://www.googleapis.com/auth/firebase","https://www.googleapis.com/auth/cloud-platform"]
[debug] [2024-09-14T17:43:31.855Z] > authorizing via signed-in user (ghoshritaban2006@gmail.com)
[info] 
     ######## #### ########  ######## ########     ###     ######  ########
     ##        ##  ##     ## ##       ##     ##  ##   ##  ##       ##
     ######    ##  ########  ######   ########  #########  ######  ######
     ##        ##  ##    ##  ##       ##     ## ##     ##       ## ##
     ##       #### ##     ## ######## ########  ##     ##  ######  ########

You're about to initialize a Firebase project in this directory:

  G:\projects\React\recipe-sharing-platform

Before we get started, keep in mind:

  * You are initializing within an existing Firebase project directory

